[33mCMake Warning (dev) at CMakeLists.txt:21 (add_executable):
  Policy CMP0115 is not set: Source file extensions must be explicit.  Run
  "cmake --help-policy CMP0115" for policy details.  Use the cmake_policy
  command to set the policy and suppress this warning.

  File:

    /home/robomaven/activity1_ws/src/activity1_cpp_pkg/src/led_panel_node.cpp
This warning is for project developers.  Use -Wno-dev to suppress it.
[0m
[33mCMake Warning (dev) at CMakeLists.txt:24 (add_executable):
  Policy CMP0115 is not set: Source file extensions must be explicit.  Run
  "cmake --help-policy CMP0115" for policy details.  Use the cmake_policy
  command to set the policy and suppress this warning.

  File:

    /home/robomaven/activity1_ws/src/activity1_cpp_pkg/src/battery_node.cpp
This warning is for project developers.  Use -Wno-dev to suppress it.
[0m
[01m[K/home/robomaven/activity1_ws/src/activity1_cpp_pkg/src/battery_node.cpp:2:10:[m[K [01;31m[Kfatal error: [m[Kactivity1_interfaces/srv/SetLED.hpp: No such file or directory
    2 | #include [01;31m[K"activity1_interfaces/srv/SetLED.hpp"[m[K
      |          [01;31m[K^~~~~~~~~~~~~~~~~~~~~~~~~~~~~~~~~~~~~[m[K
compilation terminated.
gmake[2]: *** [CMakeFiles/battery.dir/build.make:76: CMakeFiles/battery.dir/src/battery_node.cpp.o] Error 1
gmake[1]: *** [CMakeFiles/Makefile2:221: CMakeFiles/battery.dir/all] Error 2
gmake[1]: *** Waiting for unfinished jobs....
gmake: *** [Makefile:146: all] Error 2
