-- Found ament_cmake: 1.3.8 (/opt/ros/humble/share/ament_cmake/cmake)
-- Found rclcpp: 16.0.8 (/opt/ros/humble/share/rclcpp/cmake)
-- Found rosidl_generator_c: 3.1.5 (/opt/ros/humble/share/rosidl_generator_c/cmake)
-- Found rosidl_adapter: 3.1.5 (/opt/ros/humble/share/rosidl_adapter/cmake)
-- Found rosidl_generator_cpp: 3.1.5 (/opt/ros/humble/share/rosidl_generator_cpp/cmake)
-- Using all available rosidl_typesupport_c: rosidl_typesupport_fastrtps_c;rosidl_typesupport_introspection_c
-- Using all available rosidl_typesupport_cpp: rosidl_typesupport_fastrtps_cpp;rosidl_typesupport_introspection_cpp
-- Found rmw_implementation_cmake: 6.1.1 (/opt/ros/humble/share/rmw_implementation_cmake/cmake)
-- Found rmw_fastrtps_cpp: 6.2.6 (/opt/ros/humble/share/rmw_fastrtps_cpp/cmake)
-- Using RMW implementation 'rmw_fastrtps_cpp' as default
-- Found example_interfaces: 0.9.3 (/opt/ros/humble/share/example_interfaces/cmake)
-- Found std_srvs: 4.2.3 (/opt/ros/humble/share/std_srvs/cmake)
-- Found activity1_interfaces: 0.0.0 (/home/robomaven/activity1_ws/install/activity1_interfaces/share/activity1_interfaces/cmake)
-- Configuring done
[33mCMake Warning (dev) at CMakeLists.txt:21 (add_executable):
  Policy CMP0115 is not set: Source file extensions must be explicit.  Run
  "cmake --help-policy CMP0115" for policy details.  Use the cmake_policy
  command to set the policy and suppress this warning.

  File:

    /home/robomaven/activity1_ws/src/activity1_cpp_pkg/src/led_panel_node.cpp
This warning is for project developers.  Use -Wno-dev to suppress it.
[0m
[33mCMake Warning (dev) at CMakeLists.txt:24 (add_executable):
  Policy CMP0115 is not set: Source file extensions must be explicit.  Run
  "cmake --help-policy CMP0115" for policy details.  Use the cmake_policy
  command to set the policy and suppress this warning.

  File:

    /home/robomaven/activity1_ws/src/activity1_cpp_pkg/src/battery_node.cpp
This warning is for project developers.  Use -Wno-dev to suppress it.
[0m
-- Generating done
-- Build files have been written to: /home/robomaven/activity1_ws/build/activity1_cpp_pkg
[35m[1mConsolidate compiler generated dependencies of target number_publisher[0m
[35m[1mConsolidate compiler generated dependencies of target number_counter[0m
[ 12%] [32mBuilding CXX object CMakeFiles/led_panel.dir/src/led_panel_node.cpp.o[0m
[ 25%] [32mBuilding CXX object CMakeFiles/battery.dir/src/battery_node.cpp.o[0m
[ 75%] Built target number_publisher
[ 75%] Built target number_counter
[01m[K/home/robomaven/activity1_ws/src/activity1_cpp_pkg/src/battery_node.cpp:2:10:[m[K [01;31m[Kfatal error: [m[Kactivity1_interfaces/srv/SetLED.hpp: No such file or directory
    2 | #include [01;31m[K"activity1_interfaces/srv/SetLED.hpp"[m[K
      |          [01;31m[K^~~~~~~~~~~~~~~~~~~~~~~~~~~~~~~~~~~~~[m[K
compilation terminated.
gmake[2]: *** [CMakeFiles/battery.dir/build.make:76: CMakeFiles/battery.dir/src/battery_node.cpp.o] Error 1
gmake[1]: *** [CMakeFiles/Makefile2:221: CMakeFiles/battery.dir/all] Error 2
gmake[1]: *** Waiting for unfinished jobs....
[ 87%] [32m[1mLinking CXX executable led_panel[0m
[ 87%] Built target led_panel
gmake: *** [Makefile:146: all] Error 2
