[0.009s] Invoking command in '/home/robomaven/activity1_ws/build/activity1_cpp_pkg': CMAKE_PREFIX_PATH=/home/robomaven/activity1_ws/install/activity1_interfaces:/home/robomaven/ros2_ws/install/my_cpp_pkg:/home/robomaven/ros2_ws/install/my_robot_interfaces:/home/robomaven/activity1_ws/install/activity1_cpp_pkg:/home/robomaven/ros2_ws/install/my_py_pkg:/home/robomaven/activity1_ws/install/activity1_py_pkg:/opt/ros/humble LD_LIBRARY_PATH=/home/robomaven/activity1_ws/install/activity1_interfaces/lib:/home/robomaven/ros2_ws/install/my_robot_interfaces/lib:/opt/ros/humble/opt/rviz_ogre_vendor/lib:/opt/ros/humble/lib/x86_64-linux-gnu:/opt/ros/humble/lib /usr/bin/cmake --build /home/robomaven/activity1_ws/build/activity1_cpp_pkg -- -j20 -l20
[0.025s] -- Found ament_cmake: 1.3.8 (/opt/ros/humble/share/ament_cmake/cmake)
[0.112s] -- Found rclcpp: 16.0.8 (/opt/ros/humble/share/rclcpp/cmake)
[0.131s] -- Found rosidl_generator_c: 3.1.5 (/opt/ros/humble/share/rosidl_generator_c/cmake)
[0.132s] -- Found rosidl_adapter: 3.1.5 (/opt/ros/humble/share/rosidl_adapter/cmake)
[0.136s] -- Found rosidl_generator_cpp: 3.1.5 (/opt/ros/humble/share/rosidl_generator_cpp/cmake)
[0.143s] -- Using all available rosidl_typesupport_c: rosidl_typesupport_fastrtps_c;rosidl_typesupport_introspection_c
[0.154s] -- Using all available rosidl_typesupport_cpp: rosidl_typesupport_fastrtps_cpp;rosidl_typesupport_introspection_cpp
[0.192s] -- Found rmw_implementation_cmake: 6.1.1 (/opt/ros/humble/share/rmw_implementation_cmake/cmake)
[0.192s] -- Found rmw_fastrtps_cpp: 6.2.6 (/opt/ros/humble/share/rmw_fastrtps_cpp/cmake)
[0.266s] -- Using RMW implementation 'rmw_fastrtps_cpp' as default
[0.368s] -- Found example_interfaces: 0.9.3 (/opt/ros/humble/share/example_interfaces/cmake)
[0.456s] -- Found std_srvs: 4.2.3 (/opt/ros/humble/share/std_srvs/cmake)
[0.466s] -- Found activity1_interfaces: 0.0.0 (/home/robomaven/activity1_ws/install/activity1_interfaces/share/activity1_interfaces/cmake)
[0.531s] -- Configuring done
[0.533s] [33mCMake Warning (dev) at CMakeLists.txt:21 (add_executable):
[0.533s]   Policy CMP0115 is not set: Source file extensions must be explicit.  Run
[0.533s]   "cmake --help-policy CMP0115" for policy details.  Use the cmake_policy
[0.533s]   command to set the policy and suppress this warning.
[0.533s] 
[0.534s]   File:
[0.534s] 
[0.534s]     /home/robomaven/activity1_ws/src/activity1_cpp_pkg/src/led_panel_node.cpp
[0.534s] This warning is for project developers.  Use -Wno-dev to suppress it.
[0.534s] [0m
[0.534s] [33mCMake Warning (dev) at CMakeLists.txt:24 (add_executable):
[0.534s]   Policy CMP0115 is not set: Source file extensions must be explicit.  Run
[0.534s]   "cmake --help-policy CMP0115" for policy details.  Use the cmake_policy
[0.534s]   command to set the policy and suppress this warning.
[0.534s] 
[0.535s]   File:
[0.535s] 
[0.535s]     /home/robomaven/activity1_ws/src/activity1_cpp_pkg/src/battery_node.cpp
[0.535s] This warning is for project developers.  Use -Wno-dev to suppress it.
[0.535s] [0m
[0.544s] -- Generating done
[0.545s] -- Build files have been written to: /home/robomaven/activity1_ws/build/activity1_cpp_pkg
[0.562s] [35m[1mConsolidate compiler generated dependencies of target number_publisher[0m
[0.562s] [35m[1mConsolidate compiler generated dependencies of target number_counter[0m
[0.567s] [ 12%] [32mBuilding CXX object CMakeFiles/led_panel.dir/src/led_panel_node.cpp.o[0m
[0.567s] [ 25%] [32mBuilding CXX object CMakeFiles/battery.dir/src/battery_node.cpp.o[0m
[0.572s] [ 75%] Built target number_publisher
[0.572s] [ 75%] Built target number_counter
[0.688s] [01m[K/home/robomaven/activity1_ws/src/activity1_cpp_pkg/src/battery_node.cpp:2:10:[m[K [01;31m[Kfatal error: [m[Kactivity1_interfaces/srv/SetLED.hpp: No such file or directory
[0.688s]     2 | #include [01;31m[K"activity1_interfaces/srv/SetLED.hpp"[m[K
[0.688s]       |          [01;31m[K^~~~~~~~~~~~~~~~~~~~~~~~~~~~~~~~~~~~~[m[K
[0.688s] compilation terminated.
[0.690s] gmake[2]: *** [CMakeFiles/battery.dir/build.make:76: CMakeFiles/battery.dir/src/battery_node.cpp.o] Error 1
[0.690s] gmake[1]: *** [CMakeFiles/Makefile2:221: CMakeFiles/battery.dir/all] Error 2
[0.690s] gmake[1]: *** Waiting for unfinished jobs....
[2.189s] [ 87%] [32m[1mLinking CXX executable led_panel[0m
[2.264s] [ 87%] Built target led_panel
[2.265s] gmake: *** [Makefile:146: all] Error 2
[2.267s] Invoked command in '/home/robomaven/activity1_ws/build/activity1_cpp_pkg' returned '2': CMAKE_PREFIX_PATH=/home/robomaven/activity1_ws/install/activity1_interfaces:/home/robomaven/ros2_ws/install/my_cpp_pkg:/home/robomaven/ros2_ws/install/my_robot_interfaces:/home/robomaven/activity1_ws/install/activity1_cpp_pkg:/home/robomaven/ros2_ws/install/my_py_pkg:/home/robomaven/activity1_ws/install/activity1_py_pkg:/opt/ros/humble LD_LIBRARY_PATH=/home/robomaven/activity1_ws/install/activity1_interfaces/lib:/home/robomaven/ros2_ws/install/my_robot_interfaces/lib:/opt/ros/humble/opt/rviz_ogre_vendor/lib:/opt/ros/humble/lib/x86_64-linux-gnu:/opt/ros/humble/lib /usr/bin/cmake --build /home/robomaven/activity1_ws/build/activity1_cpp_pkg -- -j20 -l20
