-- Found moveit_common: 2.5.5 (/home/robomaven/ws/ws_moveit2/install/moveit_common/share/moveit_common/cmake)
-- Found ament_cmake: 1.3.9 (/opt/ros/humble/share/ament_cmake/cmake)
-- Could NOT find libbfd (missing: LIBBFD_LIBRARY LIBBFD_INCLUDE_DIR) 
-- BACKWARD_HAS_UNWIND=1
-- BACKWARD_HAS_BACKTRACE=0
-- BACKWARD_HAS_BACKTRACE_SYMBOL=0
-- BACKWARD_HAS_DW=1
-- BACKWARD_HAS_BFD=0
-- Found Backward: /opt/ros/humble/share/backward_ros/cmake  
-- Found angles: 1.15.0 (/opt/ros/humble/share/angles/cmake)
-- Found common_interfaces: 4.2.4 (/opt/ros/humble/share/common_interfaces/cmake)
-- Found eigen_stl_containers: 1.0.0 (/opt/ros/humble/share/eigen_stl_containers/cmake)
-- Found eigen3_cmake_module: 0.1.1 (/opt/ros/humble/share/eigen3_cmake_module/cmake)
-- Found generate_parameter_library: 0.3.8 (/opt/ros/humble/share/generate_parameter_library/cmake)
-- Found parameter_traits: 0.3.8 (/opt/ros/humble/share/parameter_traits/cmake)
-- Found rosidl_generator_c: 3.1.5 (/opt/ros/humble/share/rosidl_generator_c/cmake)
-- Found rosidl_adapter: 3.1.5 (/opt/ros/humble/share/rosidl_adapter/cmake)
-- Found rosidl_generator_cpp: 3.1.5 (/opt/ros/humble/share/rosidl_generator_cpp/cmake)
-- Using all available rosidl_typesupport_c: rosidl_typesupport_fastrtps_c;rosidl_typesupport_introspection_c
-- Using all available rosidl_typesupport_cpp: rosidl_typesupport_fastrtps_cpp;rosidl_typesupport_introspection_cpp
-- Found rmw_implementation_cmake: 6.1.2 (/opt/ros/humble/share/rmw_implementation_cmake/cmake)
-- Found rmw_cyclonedds_cpp: 1.3.4 (/opt/ros/humble/share/rmw_cyclonedds_cpp/cmake)
-- Using RMW implementation 'rmw_cyclonedds_cpp' as default
-- Found rclcpp_lifecycle: 16.0.9 (/opt/ros/humble/share/rclcpp_lifecycle/cmake)
-- Found geometric_shapes: 2.1.3 (/opt/ros/humble/share/geometric_shapes/cmake)
-- Found Boost: /usr/lib/x86_64-linux-gnu/cmake/Boost-1.74.0/BoostConfig.cmake (found version "1.74.0") found components: filesystem 
-- library: /usr/lib/x86_64-linux-gnu/libcurl.so
-- Found kdl_parser: 2.6.4 (/opt/ros/humble/share/kdl_parser/cmake)
-- Ensuring Eigen3 include directory is part of orocos-kdl CMake target
-- Found moveit_msgs: 2.2.1 (/opt/ros/humble/share/moveit_msgs/cmake)
-- Found pluginlib: 5.1.0 (/opt/ros/humble/share/pluginlib/cmake)
-- Found srdfdom: 2.0.4 (/home/robomaven/ws/ws_moveit2/install/srdfdom/share/srdfdom/cmake)
-- Found tf2_eigen: 0.25.7 (/opt/ros/humble/share/tf2_eigen/cmake)
-- Found tf2_geometry_msgs: 0.25.7 (/opt/ros/humble/share/tf2_geometry_msgs/cmake)
-- Found tf2_kdl: 0.25.7 (/opt/ros/humble/share/tf2_kdl/cmake)
-- Found Boost: /usr/lib/x86_64-linux-gnu/cmake/Boost-1.74.0/BoostConfig.cmake (found version "1.74.0") found components: chrono date_time filesystem iostreams program_options regex serialization system thread 
--  *** Building MoveIt 2.5.5-Alpha ***
-- Found ament_cmake_gtest: 1.3.9 (/opt/ros/humble/share/ament_cmake_gtest/cmake)
-- Found gtest sources under '/opt/ros/humble/src/gtest_vendor': C++ tests using 'Google Test' will be built
-- Found ament_cmake_gmock: 1.3.9 (/opt/ros/humble/share/ament_cmake_gmock/cmake)
-- Found gmock sources under '/opt/ros/humble/src/gmock_vendor': C++ tests using 'Google Mock' will be built
-- Found ament_cmake_gtest: 1.3.9 (/opt/ros/humble/share/ament_cmake_gtest/cmake)
-- Found gtest sources under '/opt/ros/humble/src/gtest_vendor': C++ tests using 'Google Test' will be built
-- Found ament_cmake_gtest: 1.3.9 (/opt/ros/humble/share/ament_cmake_gtest/cmake)
-- Found gtest sources under '/opt/ros/humble/src/gtest_vendor': C++ tests using 'Google Test' will be built
-- Found ament_cmake_gtest: 1.3.9 (/opt/ros/humble/share/ament_cmake_gtest/cmake)
-- Found gtest sources under '/opt/ros/humble/src/gtest_vendor': C++ tests using 'Google Test' will be built
-- Found ament_lint_auto: 0.12.11 (/opt/ros/humble/share/ament_lint_auto/cmake)
-- Found ament_cmake_gtest: 1.3.9 (/opt/ros/humble/share/ament_cmake_gtest/cmake)
-- Found gtest sources under '/opt/ros/humble/src/gtest_vendor': C++ tests using 'Google Test' will be built
-- Found ament_cmake_gtest: 1.3.9 (/opt/ros/humble/share/ament_cmake_gtest/cmake)
-- Found gtest sources under '/opt/ros/humble/src/gtest_vendor': C++ tests using 'Google Test' will be built
-- Found ament_cmake_gtest: 1.3.9 (/opt/ros/humble/share/ament_cmake_gtest/cmake)
-- Found gtest sources under '/opt/ros/humble/src/gtest_vendor': C++ tests using 'Google Test' will be built
-- Found ament_cmake_gtest: 1.3.9 (/opt/ros/humble/share/ament_cmake_gtest/cmake)
-- Found gtest sources under '/opt/ros/humble/src/gtest_vendor': C++ tests using 'Google Test' will be built
-- Found gtest sources under '/opt/ros/humble/src/gtest_vendor': C++ tests using 'Google Test' will be built
-- Found gtest sources under '/opt/ros/humble/src/gtest_vendor': C++ tests using 'Google Test' will be built
-- Found ament_cmake_gtest: 1.3.9 (/opt/ros/humble/share/ament_cmake_gtest/cmake)
-- Found gtest sources under '/opt/ros/humble/src/gtest_vendor': C++ tests using 'Google Test' will be built
-- Found gtest sources under '/opt/ros/humble/src/gtest_vendor': C++ tests using 'Google Test' will be built
-- Found gtest sources under '/opt/ros/humble/src/gtest_vendor': C++ tests using 'Google Test' will be built
-- Found gtest sources under '/opt/ros/humble/src/gtest_vendor': C++ tests using 'Google Test' will be built
-- Found ament_lint_auto: 0.12.11 (/opt/ros/humble/share/ament_lint_auto/cmake)
-- Added test 'cppcheck' to perform static code analysis on C / C++ code
-- Configured cppcheck include dirs: /home/robomaven/ws/ws_moveit2/moveit2/moveit_core/exceptions/include;/home/robomaven/ws/ws_moveit2/moveit2/moveit_core/collision_detection/include;/home/robomaven/ws/ws_moveit2/moveit2/moveit_core/collision_detection_fcl/include;/home/robomaven/ws/ws_moveit2/moveit2/moveit_core/collision_detection_bullet/include;/home/robomaven/ws/ws_moveit2/moveit2/moveit_core/constraint_samplers/include;/home/robomaven/ws/ws_moveit2/moveit2/moveit_core/controller_manager/include;/home/robomaven/ws/ws_moveit2/moveit2/moveit_core/distance_field/include;/home/robomaven/ws/ws_moveit2/moveit2/moveit_core/collision_distance_field/include;/home/robomaven/ws/ws_moveit2/moveit2/moveit_core/dynamics_solver/include;/home/robomaven/ws/ws_moveit2/moveit2/moveit_core/kinematics_base/include;/home/robomaven/ws/ws_moveit2/moveit2/moveit_core/kinematics_metrics/include;/home/robomaven/ws/ws_moveit2/moveit2/moveit_core/robot_model/include;/home/robomaven/ws/ws_moveit2/moveit2/moveit_core/transforms/include;/home/robomaven/ws/ws_moveit2/moveit2/moveit_core/robot_state/include;/home/robomaven/ws/ws_moveit2/moveit2/moveit_core/robot_trajectory/include;/home/robomaven/ws/ws_moveit2/moveit2/moveit_core/kinematic_constraints/include;/home/robomaven/ws/ws_moveit2/moveit2/moveit_core/macros/include;/home/robomaven/ws/ws_moveit2/moveit2/moveit_core/online_signal_smoothing/include;/home/robomaven/ws/ws_moveit2/moveit2/moveit_core/planning_interface/include;/home/robomaven/ws/ws_moveit2/moveit2/moveit_core/planning_request_adapter/include;/home/robomaven/ws/ws_moveit2/moveit2/moveit_core/planning_scene/include;/home/robomaven/ws/ws_moveit2/moveit2/moveit_core/sensor_manager/include;/home/robomaven/ws/ws_moveit2/moveit2/moveit_core/trajectory_processing/include;/home/robomaven/ws/ws_moveit2/moveit2/moveit_core/utils/include
-- Configured cppcheck exclude dirs and/or files: 
-- Added test 'pep257' to check Python code against some of the docstring style conventions in PEP 257
-- Added test 'xmllint' to check XML markup files
-- Configuring done
-- Generating done
-- Build files have been written to: /home/robomaven/ws/ws_moveit2/build/moveit_core
[35m[1mConsolidate compiler generated dependencies of target gmock[0m
[35m[1mConsolidate compiler generated dependencies of target moveit_transforms[0m
[35m[1mConsolidate compiler generated dependencies of target gtest_main[0m
[35m[1mConsolidate compiler generated dependencies of target gtest[0m
[35m[1mConsolidate compiler generated dependencies of target moveit_exceptions[0m
[35m[1mConsolidate compiler generated dependencies of target moveit_utils[0m
[35m[1mConsolidate compiler generated dependencies of target moveit_smoothing_base[0m
[35m[1mConsolidate compiler generated dependencies of target moveit_distance_field[0m
[35m[1mConsolidate compiler generated dependencies of target moveit_kinematics_base[0m
[35m[1mConsolidate compiler generated dependencies of target moveit_version[0m
[35m[1mConsolidate compiler generated dependencies of target gmock_main[0m
[  3%] Built target moveit_butterworth_parameters
[  3%] [32mBuilding CXX object gtest/CMakeFiles/gtest_main.dir/src/gtest_main.cc.o[0m
[  3%] [32mBuilding CXX object version/CMakeFiles/moveit_version.dir/version.cpp.o[0m
[  3%] [32mBuilding CXX object exceptions/CMakeFiles/moveit_exceptions.dir/src/exceptions.cpp.o[0m
[  3%] [32mBuilding CXX object utils/CMakeFiles/moveit_utils.dir/src/message_checks.cpp.o[0m
[  4%] [32mBuilding CXX object gmock/CMakeFiles/gmock.dir/src/gmock-all.cc.o[0m
[  4%] [32mBuilding CXX object gtest/CMakeFiles/gtest.dir/src/gtest-all.cc.o[0m
[  4%] [32mBuilding CXX object gmock/CMakeFiles/gmock.dir/opt/ros/humble/src/gtest_vendor/src/gtest-all.cc.o[0m
[  4%] [32mBuilding CXX object online_signal_smoothing/CMakeFiles/moveit_smoothing_base.dir/src/smoothing_base_class.cpp.o[0m
[  5%] [32mBuilding CXX object utils/CMakeFiles/moveit_utils.dir/src/rclcpp_utils.cpp.o[0m
[  6%] [32mBuilding CXX object utils/CMakeFiles/moveit_utils.dir/src/lexical_casts.cpp.o[0m
[  6%] [32mBuilding CXX object gmock/CMakeFiles/gmock_main.dir/src/gmock_main.cc.o[0m
[  6%] [32mBuilding CXX object transforms/CMakeFiles/moveit_transforms.dir/src/transforms.cpp.o[0m
[  6%] [32mBuilding CXX object kinematics_base/CMakeFiles/moveit_kinematics_base.dir/src/kinematics_base.cpp.o[0m
[  6%] [32mBuilding CXX object distance_field/CMakeFiles/moveit_distance_field.dir/src/find_internal_points.cpp.o[0m
[  7%] [32mBuilding CXX object distance_field/CMakeFiles/moveit_distance_field.dir/src/propagation_distance_field.cpp.o[0m
[  8%] [32mBuilding CXX object distance_field/CMakeFiles/moveit_distance_field.dir/src/distance_field.cpp.o[0m
[  9%] [32m[1mLinking CXX executable moveit_version[0m
[  9%] Built target moveit_version
[ 10%] [32m[1mLinking CXX shared library libmoveit_exceptions.so[0m
[ 10%] Built target moveit_exceptions
[ 11%] [32m[1mLinking CXX static library libgmock_main.a[0m
[ 11%] Built target gmock_main
[ 11%] [32m[1mLinking CXX static library libgtest_main.a[0m
[ 11%] Built target gtest_main
[ 11%] [32m[1mLinking CXX shared library libmoveit_utils.so[0m
[ 11%] Built target moveit_utils
[ 12%] [32m[1mLinking CXX shared library libmoveit_smoothing_base.so[0m
[ 12%] Built target moveit_smoothing_base
[ 13%] [32m[1mLinking CXX static library libgtest.a[0m
[ 14%] [32m[1mLinking CXX static library libgmock.a[0m
[ 14%] Built target gtest
[ 14%] Built target gmock
[ 15%] [32m[1mLinking CXX shared library libmoveit_kinematics_base.so[0m
[ 15%] Built target moveit_kinematics_base
[35m[1mConsolidate compiler generated dependencies of target moveit_robot_model[0m
[ 16%] [32mBuilding CXX object robot_model/CMakeFiles/moveit_robot_model.dir/src/aabb.cpp.o[0m
[ 17%] [32mBuilding CXX object robot_model/CMakeFiles/moveit_robot_model.dir/src/joint_model.cpp.o[0m
[ 17%] [32mBuilding CXX object robot_model/CMakeFiles/moveit_robot_model.dir/src/fixed_joint_model.cpp.o[0m
[ 18%] [32mBuilding CXX object robot_model/CMakeFiles/moveit_robot_model.dir/src/floating_joint_model.cpp.o[0m
[ 18%] [32mBuilding CXX object robot_model/CMakeFiles/moveit_robot_model.dir/src/joint_model_group.cpp.o[0m
[ 19%] [32mBuilding CXX object robot_model/CMakeFiles/moveit_robot_model.dir/src/link_model.cpp.o[0m
[ 20%] [32mBuilding CXX object robot_model/CMakeFiles/moveit_robot_model.dir/src/prismatic_joint_model.cpp.o[0m
[ 20%] [32mBuilding CXX object robot_model/CMakeFiles/moveit_robot_model.dir/src/planar_joint_model.cpp.o[0m
[ 21%] [32mBuilding CXX object robot_model/CMakeFiles/moveit_robot_model.dir/src/revolute_joint_model.cpp.o[0m
[ 21%] [32mBuilding CXX object robot_model/CMakeFiles/moveit_robot_model.dir/src/robot_model.cpp.o[0m
[ 21%] [32m[1mLinking CXX shared library libmoveit_distance_field.so[0m
[ 21%] Built target moveit_distance_field
[35m[1mConsolidate compiler generated dependencies of target test_voxel_grid[0m
[35m[1mConsolidate compiler generated dependencies of target test_distance_field[0m
[ 22%] [32mBuilding CXX object distance_field/CMakeFiles/test_voxel_grid.dir/test/test_voxel_grid.cpp.o[0m
[ 22%] [32mBuilding CXX object distance_field/CMakeFiles/test_distance_field.dir/test/test_distance_field.cpp.o[0m
[ 23%] [32m[1mLinking CXX shared library libmoveit_transforms.so[0m
[ 23%] Built target moveit_transforms
[35m[1mConsolidate compiler generated dependencies of target test_transforms[0m
[ 23%] [32mBuilding CXX object transforms/CMakeFiles/test_transforms.dir/test/test_transforms.cpp.o[0m
[ 23%] [32m[1mLinking CXX executable test_voxel_grid[0m
[ 23%] Built target test_voxel_grid
[ 24%] [32m[1mLinking CXX executable test_transforms[0m
[ 24%] Built target test_transforms
[ 25%] [32m[1mLinking CXX shared library libmoveit_robot_model.so[0m
[ 26%] [32m[1mLinking CXX executable test_distance_field[0m
[ 26%] Built target test_distance_field
[ 26%] Built target moveit_robot_model
[35m[1mConsolidate compiler generated dependencies of target moveit_butterworth_filter[0m
[35m[1mConsolidate compiler generated dependencies of target moveit_test_utils[0m
[35m[1mConsolidate compiler generated dependencies of target moveit_robot_state[0m
[ 27%] [32mBuilding CXX object online_signal_smoothing/CMakeFiles/moveit_butterworth_filter.dir/src/butterworth_filter.cpp.o[0m
[ 28%] [32mBuilding CXX object utils/CMakeFiles/moveit_test_utils.dir/src/robot_model_test_utils.cpp.o[0m
[ 28%] [32mBuilding CXX object robot_state/CMakeFiles/moveit_robot_state.dir/src/attached_body.cpp.o[0m
[ 29%] [32mBuilding CXX object robot_state/CMakeFiles/moveit_robot_state.dir/src/conversions.cpp.o[0m
[ 30%] [32mBuilding CXX object robot_state/CMakeFiles/moveit_robot_state.dir/src/cartesian_interpolator.cpp.o[0m
[ 30%] [32mBuilding CXX object robot_state/CMakeFiles/moveit_robot_state.dir/src/robot_state.cpp.o[0m
[ 30%] [32m[1mLinking CXX shared library libmoveit_butterworth_filter.so[0m
[ 30%] Built target moveit_butterworth_filter
[35m[1mConsolidate compiler generated dependencies of target test_butterworth_filter[0m
[ 30%] [32mBuilding CXX object online_signal_smoothing/CMakeFiles/test_butterworth_filter.dir/test/test_butterworth_filter.cpp.o[0m
[ 30%] [32m[1mLinking CXX shared library libmoveit_test_utils.so[0m
[ 30%] Built target moveit_test_utils
[35m[1mConsolidate compiler generated dependencies of target test_robot_model[0m
[ 31%] [32mBuilding CXX object robot_model/CMakeFiles/test_robot_model.dir/test/test.cpp.o[0m
[ 31%] [32m[1mLinking CXX executable test_robot_model[0m
[ 31%] Built target test_robot_model
[ 32%] [32m[1mLinking CXX executable test_butterworth_filter[0m
[ 32%] Built target test_butterworth_filter
gmake[2]: *** [robot_state/CMakeFiles/moveit_robot_state.dir/build.make:104: robot_state/CMakeFiles/moveit_robot_state.dir/src/robot_state.cpp.o] Interrupt
gmake[1]: *** [CMakeFiles/Makefile2:1653: robot_state/CMakeFiles/moveit_robot_state.dir/all] Interrupt
gmake: *** [Makefile:146: all] Interrupt
