[0.000000] (-) TimerEvent: {}
[0.000603] (-) JobUnselected: {'identifier': 'activity1_interfaces'}
[0.000641] (-) JobUnselected: {'identifier': 'activity1_py_pkg'}
[0.000659] (activity1_cpp_pkg) JobQueued: {'identifier': 'activity1_cpp_pkg', 'dependencies': OrderedDict([('activity1_interfaces', '/home/robomaven/activity1_ws/install/activity1_interfaces')])}
[0.000679] (activity1_cpp_pkg) JobStarted: {'identifier': 'activity1_cpp_pkg'}
[0.007142] (activity1_cpp_pkg) JobProgress: {'identifier': 'activity1_cpp_pkg', 'progress': 'cmake'}
[0.007494] (activity1_cpp_pkg) JobProgress: {'identifier': 'activity1_cpp_pkg', 'progress': 'build'}
[0.007911] (activity1_cpp_pkg) Command: {'cmd': ['/usr/bin/cmake', '--build', '/home/robomaven/activity1_ws/build/activity1_cpp_pkg', '--', '-j20', '-l20'], 'cwd': '/home/robomaven/activity1_ws/build/activity1_cpp_pkg', 'env': OrderedDict([('LESSOPEN', '| /usr/bin/lesspipe %s'), ('LANGUAGE', 'en_IN:en'), ('USER', 'robomaven'), ('XDG_SESSION_TYPE', 'x11'), ('SHLVL', '1'), ('LD_LIBRARY_PATH', '/home/robomaven/activity1_ws/install/activity1_interfaces/lib:/home/robomaven/ros2_ws/install/my_robot_interfaces/lib:/opt/ros/humble/opt/rviz_ogre_vendor/lib:/opt/ros/humble/lib/x86_64-linux-gnu:/opt/ros/humble/lib'), ('HOME', '/home/robomaven'), ('CONDA_SHLVL', '0'), ('OLDPWD', '/home/robomaven/activity1_ws/src'), ('DESKTOP_SESSION', 'ubuntu'), ('ROS_PYTHON_VERSION', '3'), ('GNOME_SHELL_SESSION_MODE', 'ubuntu'), ('GTK_MODULES', 'gail:atk-bridge'), ('MANAGERPID', '1704'), ('SYSTEMD_EXEC_PID', '2316'), ('DBUS_SESSION_BUS_ADDRESS', 'unix:path=/run/user/1000/bus'), ('COLORTERM', 'truecolor'), ('_CE_M', ''), ('TERMINATOR_DBUS_NAME', 'net.tenshu.Terminator23558193cd9818af7fe4d2c2f5bd9d00f'), ('GIO_LAUNCHED_DESKTOP_FILE_PID', '8034'), ('COLCON_PREFIX_PATH', '/home/robomaven/activity1_ws/install:/home/robomaven/ros2_ws/install'), ('ROS_DISTRO', 'humble'), ('GTK_IM_MODULE', 'ibus'), ('LOGNAME', 'robomaven'), ('JOURNAL_STREAM', '8:39488'), ('_', '/usr/bin/colcon'), ('ROS_VERSION', '2'), ('XDG_SESSION_CLASS', 'user'), ('USERNAME', 'robomaven'), ('TERM', 'xterm-256color'), ('GNOME_DESKTOP_SESSION_ID', 'this-is-deprecated'), ('_CE_CONDA', ''), ('ROS_LOCALHOST_ONLY', '0'), ('WINDOWPATH', '2'), ('PATH', '/home/robomaven/miniconda3/condabin:/opt/ros/humble/bin:/usr/local/sbin:/usr/local/bin:/usr/sbin:/usr/bin:/sbin:/bin:/usr/games:/usr/local/games:/snap/bin:/snap/bin'), ('SESSION_MANAGER', 'local/victus:@/tmp/.ICE-unix/2035,unix/victus:/tmp/.ICE-unix/2035'), ('INVOCATION_ID', '5ded6dba84b3404eb98d82b3fc832100'), ('XDG_MENU_PREFIX', 'gnome-'), ('XDG_RUNTIME_DIR', '/run/user/1000'), ('DISPLAY', ':1'), ('TERMINATOR_DBUS_PATH', '/net/tenshu/Terminator2'), ('LANG', 'en_US.UTF-8'), ('XDG_CURRENT_DESKTOP', 'ubuntu:GNOME'), ('IBUS_DISABLE_SNOOPER', '1'), ('XMODIFIERS', '@im=ibus'), ('XDG_SESSION_DESKTOP', 'ubuntu'), ('XAUTHORITY', '/run/user/1000/gdm/Xauthority'), ('LS_COLORS', 'rs=0:di=01;34:ln=01;36:mh=00:pi=40;33:so=01;35:do=01;35:bd=40;33;01:cd=40;33;01:or=40;31;01:mi=00:su=37;41:sg=30;43:ca=30;41:tw=30;42:ow=34;42:st=37;44:ex=01;32:*.tar=01;31:*.tgz=01;31:*.arc=01;31:*.arj=01;31:*.taz=01;31:*.lha=01;31:*.lz4=01;31:*.lzh=01;31:*.lzma=01;31:*.tlz=01;31:*.txz=01;31:*.tzo=01;31:*.t7z=01;31:*.zip=01;31:*.z=01;31:*.dz=01;31:*.gz=01;31:*.lrz=01;31:*.lz=01;31:*.lzo=01;31:*.xz=01;31:*.zst=01;31:*.tzst=01;31:*.bz2=01;31:*.bz=01;31:*.tbz=01;31:*.tbz2=01;31:*.tz=01;31:*.deb=01;31:*.rpm=01;31:*.jar=01;31:*.war=01;31:*.ear=01;31:*.sar=01;31:*.rar=01;31:*.alz=01;31:*.ace=01;31:*.zoo=01;31:*.cpio=01;31:*.7z=01;31:*.rz=01;31:*.cab=01;31:*.wim=01;31:*.swm=01;31:*.dwm=01;31:*.esd=01;31:*.jpg=01;35:*.jpeg=01;35:*.mjpg=01;35:*.mjpeg=01;35:*.gif=01;35:*.bmp=01;35:*.pbm=01;35:*.pgm=01;35:*.ppm=01;35:*.tga=01;35:*.xbm=01;35:*.xpm=01;35:*.tif=01;35:*.tiff=01;35:*.png=01;35:*.svg=01;35:*.svgz=01;35:*.mng=01;35:*.pcx=01;35:*.mov=01;35:*.mpg=01;35:*.mpeg=01;35:*.m2v=01;35:*.mkv=01;35:*.webm=01;35:*.webp=01;35:*.ogm=01;35:*.mp4=01;35:*.m4v=01;35:*.mp4v=01;35:*.vob=01;35:*.qt=01;35:*.nuv=01;35:*.wmv=01;35:*.asf=01;35:*.rm=01;35:*.rmvb=01;35:*.flc=01;35:*.avi=01;35:*.fli=01;35:*.flv=01;35:*.gl=01;35:*.dl=01;35:*.xcf=01;35:*.xwd=01;35:*.yuv=01;35:*.cgm=01;35:*.emf=01;35:*.ogv=01;35:*.ogx=01;35:*.aac=00;36:*.au=00;36:*.flac=00;36:*.m4a=00;36:*.mid=00;36:*.midi=00;36:*.mka=00;36:*.mp3=00;36:*.mpc=00;36:*.ogg=00;36:*.ra=00;36:*.wav=00;36:*.oga=00;36:*.opus=00;36:*.spx=00;36:*.xspf=00;36:'), ('SSH_AGENT_LAUNCHER', 'gnome-keyring'), ('SSH_AUTH_SOCK', '/run/user/1000/keyring/ssh'), ('AMENT_PREFIX_PATH', '/home/robomaven/ros2_ws/install/my_py_pkg:/home/robomaven/ros2_ws/install/my_cpp_pkg:/home/robomaven/ros2_ws/install/my_robot_interfaces:/home/robomaven/activity1_ws/install/activity1_py_pkg:/home/robomaven/activity1_ws/install/activity1_interfaces:/home/robomaven/activity1_ws/install/activity1_cpp_pkg:/opt/ros/humble'), ('CONDA_PYTHON_EXE', '/home/robomaven/miniconda3/bin/python'), ('SHELL', '/bin/bash'), ('TERMINATOR_UUID', 'urn:uuid:0ad26607-7708-4641-871b-34366552c84e'), ('QT_ACCESSIBILITY', '1'), ('GDMSESSION', 'ubuntu'), ('LESSCLOSE', '/usr/bin/lesspipe %s %s'), ('GPG_AGENT_INFO', '/run/user/1000/gnupg/S.gpg-agent:0:1'), ('QT_IM_MODULE', 'ibus'), ('PWD', '/home/robomaven/activity1_ws/build/activity1_cpp_pkg'), ('LC_ALL', 'en_US.UTF-8'), ('XDG_CONFIG_DIRS', '/etc/xdg/xdg-ubuntu:/etc/xdg'), ('CONDA_EXE', '/home/robomaven/miniconda3/bin/conda'), ('XDG_DATA_DIRS', '/usr/share/ubuntu:/usr/share/gnome:/usr/local/share/:/usr/share/:/var/lib/snapd/desktop'), ('PYTHONPATH', '/home/robomaven/ros2_ws/install/my_py_pkg/lib/python3.10/site-packages:/home/robomaven/ros2_ws/install/my_robot_interfaces/local/lib/python3.10/dist-packages:/home/robomaven/activity1_ws/install/activity1_py_pkg/lib/python3.10/site-packages:/home/robomaven/activity1_ws/install/activity1_interfaces/local/lib/python3.10/dist-packages:/opt/ros/humble/lib/python3.10/site-packages:/opt/ros/humble/local/lib/python3.10/dist-packages'), ('COLCON', '1'), ('VTE_VERSION', '6800'), ('CMAKE_PREFIX_PATH', '/home/robomaven/activity1_ws/install/activity1_interfaces:/home/robomaven/ros2_ws/install/my_cpp_pkg:/home/robomaven/ros2_ws/install/my_robot_interfaces:/home/robomaven/activity1_ws/install/activity1_cpp_pkg:/home/robomaven/ros2_ws/install/my_py_pkg:/home/robomaven/activity1_ws/install/activity1_py_pkg:/opt/ros/humble')]), 'shell': False}
[0.025285] (activity1_cpp_pkg) StdoutLine: {'line': b'-- Found ament_cmake: 1.3.8 (/opt/ros/humble/share/ament_cmake/cmake)\n'}
[0.099749] (-) TimerEvent: {}
[0.112804] (activity1_cpp_pkg) StdoutLine: {'line': b'-- Found rclcpp: 16.0.8 (/opt/ros/humble/share/rclcpp/cmake)\n'}
[0.131247] (activity1_cpp_pkg) StdoutLine: {'line': b'-- Found rosidl_generator_c: 3.1.5 (/opt/ros/humble/share/rosidl_generator_c/cmake)\n'}
[0.132740] (activity1_cpp_pkg) StdoutLine: {'line': b'-- Found rosidl_adapter: 3.1.5 (/opt/ros/humble/share/rosidl_adapter/cmake)\n'}
[0.136525] (activity1_cpp_pkg) StdoutLine: {'line': b'-- Found rosidl_generator_cpp: 3.1.5 (/opt/ros/humble/share/rosidl_generator_cpp/cmake)\n'}
[0.143685] (activity1_cpp_pkg) StdoutLine: {'line': b'-- Using all available rosidl_typesupport_c: rosidl_typesupport_fastrtps_c;rosidl_typesupport_introspection_c\n'}
[0.154393] (activity1_cpp_pkg) StdoutLine: {'line': b'-- Using all available rosidl_typesupport_cpp: rosidl_typesupport_fastrtps_cpp;rosidl_typesupport_introspection_cpp\n'}
[0.192117] (activity1_cpp_pkg) StdoutLine: {'line': b'-- Found rmw_implementation_cmake: 6.1.1 (/opt/ros/humble/share/rmw_implementation_cmake/cmake)\n'}
[0.193033] (activity1_cpp_pkg) StdoutLine: {'line': b'-- Found rmw_fastrtps_cpp: 6.2.6 (/opt/ros/humble/share/rmw_fastrtps_cpp/cmake)\n'}
[0.199905] (-) TimerEvent: {}
[0.266321] (activity1_cpp_pkg) StdoutLine: {'line': b"-- Using RMW implementation 'rmw_fastrtps_cpp' as default\n"}
[0.300078] (-) TimerEvent: {}
[0.369065] (activity1_cpp_pkg) StdoutLine: {'line': b'-- Found example_interfaces: 0.9.3 (/opt/ros/humble/share/example_interfaces/cmake)\n'}
[0.400253] (-) TimerEvent: {}
[0.456740] (activity1_cpp_pkg) StdoutLine: {'line': b'-- Found std_srvs: 4.2.3 (/opt/ros/humble/share/std_srvs/cmake)\n'}
[0.467082] (activity1_cpp_pkg) StdoutLine: {'line': b'-- Found activity1_interfaces: 0.0.0 (/home/robomaven/activity1_ws/install/activity1_interfaces/share/activity1_interfaces/cmake)\n'}
[0.500425] (-) TimerEvent: {}
[0.531246] (activity1_cpp_pkg) StdoutLine: {'line': b'-- Configuring done\n'}
[0.533463] (activity1_cpp_pkg) StderrLine: {'line': b'\x1b[33mCMake Warning (dev) at CMakeLists.txt:21 (add_executable):\n'}
[0.533680] (activity1_cpp_pkg) StderrLine: {'line': b'  Policy CMP0115 is not set: Source file extensions must be explicit.  Run\n'}
[0.533804] (activity1_cpp_pkg) StderrLine: {'line': b'  "cmake --help-policy CMP0115" for policy details.  Use the cmake_policy\n'}
[0.533913] (activity1_cpp_pkg) StderrLine: {'line': b'  command to set the policy and suppress this warning.\n'}
[0.534031] (activity1_cpp_pkg) StderrLine: {'line': b'\n'}
[0.534137] (activity1_cpp_pkg) StderrLine: {'line': b'  File:\n'}
[0.534237] (activity1_cpp_pkg) StderrLine: {'line': b'\n'}
[0.534335] (activity1_cpp_pkg) StderrLine: {'line': b'    /home/robomaven/activity1_ws/src/activity1_cpp_pkg/src/led_panel_node.cpp\n'}
[0.534435] (activity1_cpp_pkg) StderrLine: {'line': b'This warning is for project developers.  Use -Wno-dev to suppress it.\n'}
[0.534534] (activity1_cpp_pkg) StderrLine: {'line': b'\x1b[0m\n'}
[0.534632] (activity1_cpp_pkg) StderrLine: {'line': b'\x1b[33mCMake Warning (dev) at CMakeLists.txt:24 (add_executable):\n'}
[0.534731] (activity1_cpp_pkg) StderrLine: {'line': b'  Policy CMP0115 is not set: Source file extensions must be explicit.  Run\n'}
[0.534829] (activity1_cpp_pkg) StderrLine: {'line': b'  "cmake --help-policy CMP0115" for policy details.  Use the cmake_policy\n'}
[0.534928] (activity1_cpp_pkg) StderrLine: {'line': b'  command to set the policy and suppress this warning.\n'}
[0.535029] (activity1_cpp_pkg) StderrLine: {'line': b'\n'}
[0.535127] (activity1_cpp_pkg) StderrLine: {'line': b'  File:\n'}
[0.535224] (activity1_cpp_pkg) StderrLine: {'line': b'\n'}
[0.535321] (activity1_cpp_pkg) StderrLine: {'line': b'    /home/robomaven/activity1_ws/src/activity1_cpp_pkg/src/battery_node.cpp\n'}
[0.535414] (activity1_cpp_pkg) StderrLine: {'line': b'This warning is for project developers.  Use -Wno-dev to suppress it.\n'}
[0.535506] (activity1_cpp_pkg) StderrLine: {'line': b'\x1b[0m\n'}
[0.544522] (activity1_cpp_pkg) StdoutLine: {'line': b'-- Generating done\n'}
[0.545453] (activity1_cpp_pkg) StdoutLine: {'line': b'-- Build files have been written to: /home/robomaven/activity1_ws/build/activity1_cpp_pkg\n'}
[0.562091] (activity1_cpp_pkg) StdoutLine: {'line': b'\x1b[35m\x1b[1mConsolidate compiler generated dependencies of target number_publisher\x1b[0m\n'}
[0.562290] (activity1_cpp_pkg) StdoutLine: {'line': b'\x1b[35m\x1b[1mConsolidate compiler generated dependencies of target number_counter\x1b[0m\n'}
[0.567431] (activity1_cpp_pkg) StdoutLine: {'line': b'[ 12%] \x1b[32mBuilding CXX object CMakeFiles/led_panel.dir/src/led_panel_node.cpp.o\x1b[0m\n'}
[0.567641] (activity1_cpp_pkg) StdoutLine: {'line': b'[ 25%] \x1b[32mBuilding CXX object CMakeFiles/battery.dir/src/battery_node.cpp.o\x1b[0m\n'}
[0.572221] (activity1_cpp_pkg) StdoutLine: {'line': b'[ 75%] Built target number_publisher\n'}
[0.572437] (activity1_cpp_pkg) StdoutLine: {'line': b'[ 75%] Built target number_counter\n'}
[0.600662] (-) TimerEvent: {}
[0.688397] (activity1_cpp_pkg) StderrLine: {'line': b'\x1b[01m\x1b[K/home/robomaven/activity1_ws/src/activity1_cpp_pkg/src/battery_node.cpp:2:10:\x1b[m\x1b[K \x1b[01;31m\x1b[Kfatal error: \x1b[m\x1b[Kactivity1_interfaces/srv/SetLED.hpp: No such file or directory\n'}
[0.688607] (activity1_cpp_pkg) StderrLine: {'line': b'    2 | #include \x1b[01;31m\x1b[K"activity1_interfaces/srv/SetLED.hpp"\x1b[m\x1b[K\n'}
[0.688700] (activity1_cpp_pkg) StderrLine: {'line': b'      |          \x1b[01;31m\x1b[K^~~~~~~~~~~~~~~~~~~~~~~~~~~~~~~~~~~~~\x1b[m\x1b[K\n'}
[0.688784] (activity1_cpp_pkg) StderrLine: {'line': b'compilation terminated.\n'}
[0.690053] (activity1_cpp_pkg) StderrLine: {'line': b'gmake[2]: *** [CMakeFiles/battery.dir/build.make:76: CMakeFiles/battery.dir/src/battery_node.cpp.o] Error 1\n'}
[0.690312] (activity1_cpp_pkg) StderrLine: {'line': b'gmake[1]: *** [CMakeFiles/Makefile2:221: CMakeFiles/battery.dir/all] Error 2\n'}
[0.690351] (activity1_cpp_pkg) StderrLine: {'line': b'gmake[1]: *** Waiting for unfinished jobs....\n'}
[0.700820] (-) TimerEvent: {}
[0.801105] (-) TimerEvent: {}
[0.901442] (-) TimerEvent: {}
[1.001775] (-) TimerEvent: {}
[1.102123] (-) TimerEvent: {}
[1.202462] (-) TimerEvent: {}
[1.302825] (-) TimerEvent: {}
[1.403157] (-) TimerEvent: {}
[1.503490] (-) TimerEvent: {}
[1.603851] (-) TimerEvent: {}
[1.704176] (-) TimerEvent: {}
[1.804535] (-) TimerEvent: {}
[1.904997] (-) TimerEvent: {}
[2.005336] (-) TimerEvent: {}
[2.105738] (-) TimerEvent: {}
[2.189797] (activity1_cpp_pkg) StdoutLine: {'line': b'[ 87%] \x1b[32m\x1b[1mLinking CXX executable led_panel\x1b[0m\n'}
[2.205915] (-) TimerEvent: {}
[2.264803] (activity1_cpp_pkg) StdoutLine: {'line': b'[ 87%] Built target led_panel\n'}
[2.265568] (activity1_cpp_pkg) StderrLine: {'line': b'gmake: *** [Makefile:146: all] Error 2\n'}
[2.267484] (activity1_cpp_pkg) CommandEnded: {'returncode': 2}
[2.301059] (activity1_cpp_pkg) JobEnded: {'identifier': 'activity1_cpp_pkg', 'rc': 2}
[2.306100] (-) TimerEvent: {}
[2.311901] (-) EventReactorShutdown: {}
