[0.008s] Invoking command in '/home/robomaven/ws/ws_moveit2/build/rviz_marker_tools': AMENT_PREFIX_PATH=/home/robomaven/ws/ws_moveit2/install/moveit_common:${AMENT_PREFIX_PATH} CMAKE_PREFIX_PATH=/home/robomaven/ws/ws_moveit2/install/moveit_common:/opt/ros/humble /usr/bin/cmake /home/robomaven/ws/ws_moveit2/moveit_task_constructor/rviz_marker_tools -DCMAKE_BUILD_TYPE=Release -DCMAKE_INSTALL_PREFIX=/home/robomaven/ws/ws_moveit2/install/rviz_marker_tools
[0.058s] -- The C compiler identification is GNU 11.4.0
[0.099s] -- The CXX compiler identification is GNU 11.4.0
[0.106s] -- Detecting C compiler ABI info
[0.156s] -- Detecting C compiler ABI info - done
[0.164s] -- Check for working C compiler: /usr/bin/cc - skipped
[0.164s] -- Detecting C compile features
[0.164s] -- Detecting C compile features - done
[0.166s] -- Detecting CXX compiler ABI info
[0.219s] -- Detecting CXX compiler ABI info - done
[0.228s] -- Check for working CXX compiler: /usr/bin/c++ - skipped
[0.228s] -- Detecting CXX compile features
[0.229s] -- Detecting CXX compile features - done
[0.232s] -- Found ament_cmake: 1.3.9 (/opt/ros/humble/share/ament_cmake/cmake)
[0.375s] -- Found Python3: /usr/bin/python3 (found version "3.10.12") found components: Interpreter 
[0.429s] -- Found moveit_common: 2.5.5 (/home/robomaven/ws/ws_moveit2/install/moveit_common/share/moveit_common/cmake)
[0.479s] -- Found libdw: /usr/lib/x86_64-linux-gnu/libdw.so  
[0.483s] -- Could NOT find libbfd (missing: LIBBFD_LIBRARY LIBBFD_INCLUDE_DIR) 
[0.483s] -- BACKWARD_HAS_UNWIND=1
[0.483s] -- BACKWARD_HAS_BACKTRACE=0
[0.483s] -- BACKWARD_HAS_BACKTRACE_SYMBOL=0
[0.483s] -- BACKWARD_HAS_DW=1
[0.483s] -- BACKWARD_HAS_BFD=0
[0.483s] -- Found Backward: /opt/ros/humble/share/backward_ros/cmake  
[0.484s] -- Found eigen3_cmake_module: 0.1.1 (/opt/ros/humble/share/eigen3_cmake_module/cmake)
[0.489s] -- Found Eigen3: TRUE (found version "3.4.0") 
[0.490s] -- Found geometry_msgs: 4.2.4 (/opt/ros/humble/share/geometry_msgs/cmake)
[0.511s] -- Found rosidl_generator_c: 3.1.5 (/opt/ros/humble/share/rosidl_generator_c/cmake)
[0.514s] -- Found rosidl_adapter: 3.1.5 (/opt/ros/humble/share/rosidl_adapter/cmake)
[0.520s] -- Found rosidl_generator_cpp: 3.1.5 (/opt/ros/humble/share/rosidl_generator_cpp/cmake)
[0.529s] -- Using all available rosidl_typesupport_c: rosidl_typesupport_fastrtps_c;rosidl_typesupport_introspection_c
[0.541s] -- Using all available rosidl_typesupport_cpp: rosidl_typesupport_fastrtps_cpp;rosidl_typesupport_introspection_cpp
[0.623s] -- Found rclcpp: 16.0.9 (/opt/ros/humble/share/rclcpp/cmake)
[0.666s] -- Found rmw_implementation_cmake: 6.1.2 (/opt/ros/humble/share/rmw_implementation_cmake/cmake)
[0.667s] -- Found rmw_cyclonedds_cpp: 1.3.4 (/opt/ros/humble/share/rmw_cyclonedds_cpp/cmake)
[0.690s] -- Using RMW implementation 'rmw_cyclonedds_cpp' as default
[0.696s] -- Looking for pthread.h
[0.764s] -- Looking for pthread.h - found
[0.764s] -- Performing Test CMAKE_HAVE_LIBC_PTHREAD
[0.857s] -- Performing Test CMAKE_HAVE_LIBC_PTHREAD - Success
[0.858s] -- Found Threads: TRUE  
[1.017s] -- Found tf2_eigen: 0.25.7 (/opt/ros/humble/share/tf2_eigen/cmake)
[1.349s] -- Found visualization_msgs: 4.2.4 (/opt/ros/humble/share/visualization_msgs/cmake)
[1.507s] -- Configuring done
[1.515s] -- Generating done
[1.516s] -- Build files have been written to: /home/robomaven/ws/ws_moveit2/build/rviz_marker_tools
[1.524s] Invoked command in '/home/robomaven/ws/ws_moveit2/build/rviz_marker_tools' returned '0': AMENT_PREFIX_PATH=/home/robomaven/ws/ws_moveit2/install/moveit_common:${AMENT_PREFIX_PATH} CMAKE_PREFIX_PATH=/home/robomaven/ws/ws_moveit2/install/moveit_common:/opt/ros/humble /usr/bin/cmake /home/robomaven/ws/ws_moveit2/moveit_task_constructor/rviz_marker_tools -DCMAKE_BUILD_TYPE=Release -DCMAKE_INSTALL_PREFIX=/home/robomaven/ws/ws_moveit2/install/rviz_marker_tools
[1.526s] Invoking command in '/home/robomaven/ws/ws_moveit2/build/rviz_marker_tools': AMENT_PREFIX_PATH=/home/robomaven/ws/ws_moveit2/install/moveit_common:${AMENT_PREFIX_PATH} CMAKE_PREFIX_PATH=/home/robomaven/ws/ws_moveit2/install/moveit_common:/opt/ros/humble /usr/bin/cmake --build /home/robomaven/ws/ws_moveit2/build/rviz_marker_tools -- -j20 -l20
[1.588s] [ 50%] [32mBuilding CXX object CMakeFiles/rviz_marker_tools.dir/src/marker_creation.cpp.o[0m
[5.954s] gmake[2]: *** [CMakeFiles/rviz_marker_tools.dir/build.make:76: CMakeFiles/rviz_marker_tools.dir/src/marker_creation.cpp.o] Interrupt
[5.954s] gmake[1]: *** [CMakeFiles/Makefile2:137: CMakeFiles/rviz_marker_tools.dir/all] Interrupt
[5.954s] gmake: *** [Makefile:146: all] Interrupt
[5.985s] Invoked command in '/home/robomaven/ws/ws_moveit2/build/rviz_marker_tools' returned '-2': AMENT_PREFIX_PATH=/home/robomaven/ws/ws_moveit2/install/moveit_common:${AMENT_PREFIX_PATH} CMAKE_PREFIX_PATH=/home/robomaven/ws/ws_moveit2/install/moveit_common:/opt/ros/humble /usr/bin/cmake --build /home/robomaven/ws/ws_moveit2/build/rviz_marker_tools -- -j20 -l20
