[01m[K/home/robomaven/ws/ros2_ws3/src/final_project/src/final_project.cpp:2:10:[m[K [01;31m[Kfatal error: [m[Krclcpp_action/rclcpp_action.hpp: No such file or directory
    2 | #include [01;31m[K"rclcpp_action/rclcpp_action.hpp"[m[K
      |          [01;31m[K^~~~~~~~~~~~~~~~~~~~~~~~~~~~~~~~~[m[K
compilation terminated.
gmake[2]: *** [CMakeFiles/final_project.dir/build.make:76: CMakeFiles/final_project.dir/src/final_project.cpp.o] Error 1
gmake[1]: *** [CMakeFiles/Makefile2:137: CMakeFiles/final_project.dir/all] Error 2
gmake: *** [Makefile:146: all] Error 2
