-- Found ament_cmake: 1.3.9 (/opt/ros/humble/share/ament_cmake/cmake)
-- Found Boost: /usr/lib/x86_64-linux-gnu/cmake/Boost-1.74.0/BoostConfig.cmake (found version "1.74.0")  
-- Found geometry_msgs: 4.2.4 (/opt/ros/humble/share/geometry_msgs/cmake)
-- Found rosidl_generator_c: 3.1.5 (/opt/ros/humble/share/rosidl_generator_c/cmake)
-- Found rosidl_adapter: 3.1.5 (/opt/ros/humble/share/rosidl_adapter/cmake)
-- Found rosidl_generator_cpp: 3.1.5 (/opt/ros/humble/share/rosidl_generator_cpp/cmake)
-- Using all available rosidl_typesupport_c: rosidl_typesupport_fastrtps_c;rosidl_typesupport_introspection_c
-- Using all available rosidl_typesupport_cpp: rosidl_typesupport_fastrtps_cpp;rosidl_typesupport_introspection_cpp
-- Found moveit_common: 2.5.5 (/home/robomaven/ws/ws_moveit2/install/moveit_common/share/moveit_common/cmake)
-- Could NOT find libbfd (missing: LIBBFD_LIBRARY LIBBFD_INCLUDE_DIR) 
-- BACKWARD_HAS_UNWIND=1
-- BACKWARD_HAS_BACKTRACE=0
-- BACKWARD_HAS_BACKTRACE_SYMBOL=0
-- BACKWARD_HAS_DW=1
-- BACKWARD_HAS_BFD=0
-- Found Backward: /opt/ros/humble/share/backward_ros/cmake  
-- Found moveit_core: 2.5.5 (/home/robomaven/ws/ws_moveit2/install/moveit_core/share/moveit_core/cmake)
-- Found Boost: /usr/lib/x86_64-linux-gnu/cmake/Boost-1.74.0/BoostConfig.cmake (found version "1.74.0") found components: chrono date_time filesystem iostreams program_options regex serialization system thread 
-- Found parameter_traits: 0.3.8 (/opt/ros/humble/share/parameter_traits/cmake)
-- Found rmw_implementation_cmake: 6.1.2 (/opt/ros/humble/share/rmw_implementation_cmake/cmake)
-- Found rmw_cyclonedds_cpp: 1.3.4 (/opt/ros/humble/share/rmw_cyclonedds_cpp/cmake)
-- Using RMW implementation 'rmw_cyclonedds_cpp' as default
-- Found rclcpp_lifecycle: 16.0.9 (/opt/ros/humble/share/rclcpp_lifecycle/cmake)
-- Found Boost: /usr/lib/x86_64-linux-gnu/cmake/Boost-1.74.0/BoostConfig.cmake (found version "1.74.0") found components: filesystem 
-- library: /usr/lib/x86_64-linux-gnu/libcurl.so
-- Ensuring Eigen3 include directory is part of orocos-kdl CMake target
-- Found moveit_ros_planning: 2.5.5 (/home/robomaven/ws/ws_moveit2/install/moveit_ros_planning/share/moveit_ros_planning/cmake)
-- Found Boost: /usr/lib/x86_64-linux-gnu/cmake/Boost-1.74.0/BoostConfig.cmake (found version "1.74.0") found components: system filesystem date_time program_options thread chrono 
-- Found moveit_ros_planning_interface: 2.5.5 (/home/robomaven/ws/ws_moveit2/install/moveit_ros_planning_interface/share/moveit_ros_planning_interface/cmake)
-- Found Boost: /usr/lib/x86_64-linux-gnu/cmake/Boost-1.74.0/BoostConfig.cmake (found version "1.74.0") found components: date_time filesystem program_options system thread 
-- Found Boost: /usr/lib/x86_64-linux-gnu/cmake/Boost-1.74.0/BoostConfig.cmake (found version "1.74.0") found components: thread system filesystem regex date_time program_options 
-- Found Boost: /usr/lib/x86_64-linux-gnu/cmake/Boost-1.74.0/BoostConfig.cmake (found version "1.74.0") found components: system filesystem date_time program_options thread 
-- Found moveit_task_constructor_msgs: 0.1.3 (/home/robomaven/ws/ws3_moveit2_pick_place/install/moveit_task_constructor_msgs/share/moveit_task_constructor_msgs/cmake)
-- Found rviz_marker_tools: 0.1.3 (/home/robomaven/ws/ws3_moveit2_pick_place/install/rviz_marker_tools/share/rviz_marker_tools/cmake)
-- Found ament_cmake_gtest: 1.3.9 (/opt/ros/humble/share/ament_cmake_gtest/cmake)
-- Found ament_cmake_gmock: 1.3.9 (/opt/ros/humble/share/ament_cmake_gmock/cmake)
-- Found launch_testing_ament_cmake: 1.0.6 (/opt/ros/humble/share/launch_testing_ament_cmake/cmake)
-- Found python_cmake_module: 0.10.0 (/opt/ros/humble/share/python_cmake_module/cmake)
-- Using PYTHON_EXECUTABLE: /usr/bin/python3
-- Using PYTHON_INCLUDE_DIRS: /usr/include/python3.10
-- Using PYTHON_LIBRARIES: /usr/lib/x86_64-linux-gnu/libpython3.10.so
-- Found gmock sources under '/opt/ros/humble/src/gmock_vendor': C++ tests using 'Google Mock' will be built
-- Found gtest sources under '/opt/ros/humble/src/gtest_vendor': C++ tests using 'Google Test' will be built
-- Configuring done
-- Generating done
-- Build files have been written to: /home/robomaven/ws/ws3_moveit2_pick_place/build/moveit_task_constructor_core
[35m[1mConsolidate compiler generated dependencies of target gtest_main[0m
[35m[1mConsolidate compiler generated dependencies of target gmock_main[0m
[35m[1mConsolidate compiler generated dependencies of target gmock[0m
[35m[1mConsolidate compiler generated dependencies of target gtest[0m
[  2%] Built target gtest_main
[  4%] Built target gmock_main
[  8%] Built target gmock
[35m[1mConsolidate compiler generated dependencies of target moveit_task_constructor_core[0m
[ 11%] Built target gtest
[ 13%] [32mBuilding CXX object src/CMakeFiles/moveit_task_constructor_core.dir/solvers/cartesian_path.cpp.o[0m
[ 13%] [32mBuilding CXX object src/CMakeFiles/moveit_task_constructor_core.dir/solvers/pipeline_planner.cpp.o[0m
In file included from [01m[K/home/robomaven/ws/ws3_moveit2_pick_place/src/moveit_task_constructor/core/src/solvers/pipeline_planner.cpp:39[m[K:
[01m[K/home/robomaven/ws/ws3_moveit2_pick_place/src/moveit_task_constructor/core/include/moveit/task_constructor/solvers/pipeline_planner.h:42:10:[m[K [01;31m[Kfatal error: [m[Kmoveit/planning_pipeline_interfaces/planning_pipeline_interfaces.hpp: No such file or directory
   42 | #include [01;31m[K<moveit/planning_pipeline_interfaces/planning_pipeline_interfaces.hpp>[m[K
      |          [01;31m[K^~~~~~~~~~~~~~~~~~~~~~~~~~~~~~~~~~~~~~~~~~~~~~~~~~~~~~~~~~~~~~~~~~~~~~[m[K
compilation terminated.
gmake[2]: *** [src/CMakeFiles/moveit_task_constructor_core.dir/build.make:258: src/CMakeFiles/moveit_task_constructor_core.dir/solvers/pipeline_planner.cpp.o] Error 1
gmake[2]: *** Waiting for unfinished jobs....
[01m[K/home/robomaven/ws/ws3_moveit2_pick_place/src/moveit_task_constructor/core/src/solvers/cartesian_path.cpp:[m[K In member function â€˜[01m[Kvirtual moveit::task_constructor::solvers::PlannerInterface::Result moveit::task_constructor::solvers::CartesianPath::plan(const PlanningSceneConstPtr&, const moveit::core::LinkModel&, const Isometry3d&, const Isometry3d&, const moveit::core::JointModelGroup*, double, robot_trajectory::RobotTrajectoryPtr&, const Constraints&)[m[Kâ€™:
[01m[K/home/robomaven/ws/ws3_moveit2_pick_place/src/moveit_task_constructor/core/src/solvers/cartesian_path.cpp:103:42:[m[K [01;31m[Kerror: [m[Kâ€˜[01m[Krelative[m[Kâ€™ is not a member of â€˜[01m[Kmoveit::core::JumpThreshold[m[Kâ€™
  103 |             moveit::core::JumpThreshold::[01;31m[Krelative[m[K(props.get<double>("jump_threshold")), is_valid,
      |                                          [01;31m[K^~~~~~~~[m[K
gmake[2]: *** [src/CMakeFiles/moveit_task_constructor_core.dir/build.make:230: src/CMakeFiles/moveit_task_constructor_core.dir/solvers/cartesian_path.cpp.o] Error 1
gmake[1]: *** [CMakeFiles/Makefile2:258: src/CMakeFiles/moveit_task_constructor_core.dir/all] Error 2
gmake: *** [Makefile:146: all] Error 2
