[0.024s] Invoking command in '/home/robomaven/ws/ws3_moveit2_pick_place/build/moveit_task_constructor_core': CMAKE_PREFIX_PATH=${CMAKE_PREFIX_PATH}:/home/robomaven/ws/ws_moveit2/install/moveit_configs_utils:/home/robomaven/ws/ws_moveit2/install/launch_param_builder:/opt/ros/humble LD_LIBRARY_PATH=/home/robomaven/ws/ws3_moveit2_pick_place/install/rviz_marker_tools/lib:/home/robomaven/ws/ws3_moveit2_pick_place/install/moveit_task_constructor_msgs/lib:/home/robomaven/ws/ws_moveit2/install/pilz_industrial_motion_planner_testutils/lib:/home/robomaven/ws/ws_moveit2/install/pilz_industrial_motion_planner/lib:/home/robomaven/ws/ws_moveit2/install/moveit_visual_tools/lib:/home/robomaven/ws/ws_moveit2/install/moveit_task_constructor_visualization/lib:/home/robomaven/ws/ws_moveit2/install/moveit_task_constructor_demo/lib:/home/robomaven/ws/ws_moveit2/install/moveit_task_constructor_capabilities/lib:/home/robomaven/ws/ws_moveit2/install/moveit_task_constructor_core/lib:/home/robomaven/ws/ws_moveit2/install/moveit_ros_control_interface/lib:/home/robomaven/ws/ws_moveit2/install/moveit_simple_controller_manager/lib:/home/robomaven/ws/ws_moveit2/install/moveit_setup_assistant/lib:/home/robomaven/ws/ws_moveit2/install/moveit_setup_srdf_plugins/lib:/home/robomaven/ws/ws_moveit2/install/moveit_setup_core_plugins/lib:/home/robomaven/ws/ws_moveit2/install/moveit_setup_controllers/lib:/home/robomaven/ws/ws_moveit2/install/moveit_setup_app_plugins/lib:/home/robomaven/ws/ws_moveit2/install/moveit_setup_framework/lib:/home/robomaven/ws/ws_moveit2/install/moveit_servo/lib:/home/robomaven/ws/ws_moveit2/install/moveit_ros_visualization/lib:/home/robomaven/ws/ws_moveit2/install/moveit_hybrid_planning/lib:/home/robomaven/ws/ws_moveit2/install/moveit_ros_planning_interface/lib:/home/robomaven/ws/ws_moveit2/install/moveit_ros_benchmarks/lib:/home/robomaven/ws/ws_moveit2/install/moveit_ros_warehouse/lib:/home/robomaven/ws/ws_moveit2/install/moveit_ros_robot_interaction/lib:/home/robomaven/ws/ws_moveit2/install/moveit_ros_perception/lib:/home/robomaven/ws/ws_moveit2/install/moveit_ros_move_group/lib:/home/robomaven/ws/ws_moveit2/install/moveit_planners_ompl/lib:/home/robomaven/ws/ws_moveit2/install/moveit_ros_planning/lib:/home/robomaven/ws/ws_moveit2/install/moveit_ros_occupancy_map_monitor/lib:/home/robomaven/ws/ws_moveit2/install/moveit_resources_prbt_ikfast_manipulator_plugin/lib:/home/robomaven/ws/ws_moveit2/install/moveit_planners_chomp/lib:/home/robomaven/ws/ws_moveit2/install/moveit_kinematics/lib:/home/robomaven/ws/ws_moveit2/install/moveit_chomp_optimizer_adapter/lib:/home/robomaven/ws/ws_moveit2/install/chomp_motion_planner/lib:/home/robomaven/ws/ws_moveit2/install/moveit_core/lib:/home/robomaven/ws/ws_moveit2/install/srdfdom/lib:/home/robomaven/ws/ws_moveit2/install/rviz_marker_tools/lib:/home/robomaven/ws/ws_moveit2/install/rosparam_shortcuts/lib:/home/robomaven/ws/ws_moveit2/install/moveit_task_constructor_msgs/lib:/usr/lib/x86_64-linux-gnu/gazebo-11/plugins:/opt/ros/humble/opt/rviz_ogre_vendor/lib:/opt/ros/humble/lib/x86_64-linux-gnu:/opt/ros/humble/lib:/usr/share/gazebo/../../lib/x86_64-linux-gnu/gazebo-11/plugins:/usr/share/gazebo/../../lib/x86_64-linux-gnu/gazebo-11/plugins:/usr/share/gazebo/../../lib/x86_64-linux-gnu/gazebo-11/plugins /usr/bin/cmake --build /home/robomaven/ws/ws3_moveit2_pick_place/build/moveit_task_constructor_core -- -j20 -l20
[0.095s] [35m[1mConsolidate compiler generated dependencies of target gtest_main[0m
[0.095s] [35m[1mConsolidate compiler generated dependencies of target gtest[0m
[0.095s] [35m[1mConsolidate compiler generated dependencies of target gmock_main[0m
[0.096s] [35m[1mConsolidate compiler generated dependencies of target gmock[0m
[0.107s] [  4%] Built target gtest
[0.108s] [  4%] Built target gtest_main
[0.108s] [  8%] Built target gmock
[0.108s] [ 11%] Built target gmock_main
[0.112s] [35m[1mConsolidate compiler generated dependencies of target moveit_task_constructor_core[0m
[0.165s] [ 13%] [32mBuilding CXX object src/CMakeFiles/moveit_task_constructor_core.dir/solvers/pipeline_planner.cpp.o[0m
[0.166s] [ 13%] [32mBuilding CXX object src/CMakeFiles/moveit_task_constructor_core.dir/solvers/cartesian_path.cpp.o[0m
[0.371s] In file included from [01m[K/home/robomaven/ws/ws3_moveit2_pick_place/src/moveit_task_constructor/core/src/solvers/pipeline_planner.cpp:39[m[K:
[0.371s] [01m[K/home/robomaven/ws/ws3_moveit2_pick_place/src/moveit_task_constructor/core/include/moveit/task_constructor/solvers/pipeline_planner.h:42:10:[m[K [01;31m[Kfatal error: [m[Kmoveit/planning_pipeline_interfaces/planning_pipeline_interfaces.hpp: No such file or directory
[0.372s]    42 | #include [01;31m[K<moveit/planning_pipeline_interfaces/planning_pipeline_interfaces.hpp>[m[K
[0.372s]       |          [01;31m[K^~~~~~~~~~~~~~~~~~~~~~~~~~~~~~~~~~~~~~~~~~~~~~~~~~~~~~~~~~~~~~~~~~~~~~[m[K
[0.372s] compilation terminated.
[0.373s] gmake[2]: *** [src/CMakeFiles/moveit_task_constructor_core.dir/build.make:258: src/CMakeFiles/moveit_task_constructor_core.dir/solvers/pipeline_planner.cpp.o] Error 1
[0.373s] gmake[2]: *** Waiting for unfinished jobs....
[2.854s] [01m[K/home/robomaven/ws/ws3_moveit2_pick_place/src/moveit_task_constructor/core/src/solvers/cartesian_path.cpp:[m[K In member function â€˜[01m[Kvirtual moveit::task_constructor::solvers::PlannerInterface::Result moveit::task_constructor::solvers::CartesianPath::plan(const PlanningSceneConstPtr&, const moveit::core::LinkModel&, const Isometry3d&, const Isometry3d&, const moveit::core::JointModelGroup*, double, robot_trajectory::RobotTrajectoryPtr&, const Constraints&)[m[Kâ€™:
[2.855s] [01m[K/home/robomaven/ws/ws3_moveit2_pick_place/src/moveit_task_constructor/core/src/solvers/cartesian_path.cpp:103:42:[m[K [01;31m[Kerror: [m[Kâ€˜[01m[Krelative[m[Kâ€™ is not a member of â€˜[01m[Kmoveit::core::JumpThreshold[m[Kâ€™
[2.855s]   103 |             moveit::core::JumpThreshold::[01;31m[Krelative[m[K(props.get<double>("jump_threshold")), is_valid,
[2.855s]       |                                          [01;31m[K^~~~~~~~[m[K
[4.041s] gmake[2]: *** [src/CMakeFiles/moveit_task_constructor_core.dir/build.make:230: src/CMakeFiles/moveit_task_constructor_core.dir/solvers/cartesian_path.cpp.o] Error 1
[4.042s] gmake[1]: *** [CMakeFiles/Makefile2:258: src/CMakeFiles/moveit_task_constructor_core.dir/all] Error 2
[4.042s] gmake: *** [Makefile:146: all] Error 2
[4.043s] Invoked command in '/home/robomaven/ws/ws3_moveit2_pick_place/build/moveit_task_constructor_core' returned '2': CMAKE_PREFIX_PATH=${CMAKE_PREFIX_PATH}:/home/robomaven/ws/ws_moveit2/install/moveit_configs_utils:/home/robomaven/ws/ws_moveit2/install/launch_param_builder:/opt/ros/humble LD_LIBRARY_PATH=/home/robomaven/ws/ws3_moveit2_pick_place/install/rviz_marker_tools/lib:/home/robomaven/ws/ws3_moveit2_pick_place/install/moveit_task_constructor_msgs/lib:/home/robomaven/ws/ws_moveit2/install/pilz_industrial_motion_planner_testutils/lib:/home/robomaven/ws/ws_moveit2/install/pilz_industrial_motion_planner/lib:/home/robomaven/ws/ws_moveit2/install/moveit_visual_tools/lib:/home/robomaven/ws/ws_moveit2/install/moveit_task_constructor_visualization/lib:/home/robomaven/ws/ws_moveit2/install/moveit_task_constructor_demo/lib:/home/robomaven/ws/ws_moveit2/install/moveit_task_constructor_capabilities/lib:/home/robomaven/ws/ws_moveit2/install/moveit_task_constructor_core/lib:/home/robomaven/ws/ws_moveit2/install/moveit_ros_control_interface/lib:/home/robomaven/ws/ws_moveit2/install/moveit_simple_controller_manager/lib:/home/robomaven/ws/ws_moveit2/install/moveit_setup_assistant/lib:/home/robomaven/ws/ws_moveit2/install/moveit_setup_srdf_plugins/lib:/home/robomaven/ws/ws_moveit2/install/moveit_setup_core_plugins/lib:/home/robomaven/ws/ws_moveit2/install/moveit_setup_controllers/lib:/home/robomaven/ws/ws_moveit2/install/moveit_setup_app_plugins/lib:/home/robomaven/ws/ws_moveit2/install/moveit_setup_framework/lib:/home/robomaven/ws/ws_moveit2/install/moveit_servo/lib:/home/robomaven/ws/ws_moveit2/install/moveit_ros_visualization/lib:/home/robomaven/ws/ws_moveit2/install/moveit_hybrid_planning/lib:/home/robomaven/ws/ws_moveit2/install/moveit_ros_planning_interface/lib:/home/robomaven/ws/ws_moveit2/install/moveit_ros_benchmarks/lib:/home/robomaven/ws/ws_moveit2/install/moveit_ros_warehouse/lib:/home/robomaven/ws/ws_moveit2/install/moveit_ros_robot_interaction/lib:/home/robomaven/ws/ws_moveit2/install/moveit_ros_perception/lib:/home/robomaven/ws/ws_moveit2/install/moveit_ros_move_group/lib:/home/robomaven/ws/ws_moveit2/install/moveit_planners_ompl/lib:/home/robomaven/ws/ws_moveit2/install/moveit_ros_planning/lib:/home/robomaven/ws/ws_moveit2/install/moveit_ros_occupancy_map_monitor/lib:/home/robomaven/ws/ws_moveit2/install/moveit_resources_prbt_ikfast_manipulator_plugin/lib:/home/robomaven/ws/ws_moveit2/install/moveit_planners_chomp/lib:/home/robomaven/ws/ws_moveit2/install/moveit_kinematics/lib:/home/robomaven/ws/ws_moveit2/install/moveit_chomp_optimizer_adapter/lib:/home/robomaven/ws/ws_moveit2/install/chomp_motion_planner/lib:/home/robomaven/ws/ws_moveit2/install/moveit_core/lib:/home/robomaven/ws/ws_moveit2/install/srdfdom/lib:/home/robomaven/ws/ws_moveit2/install/rviz_marker_tools/lib:/home/robomaven/ws/ws_moveit2/install/rosparam_shortcuts/lib:/home/robomaven/ws/ws_moveit2/install/moveit_task_constructor_msgs/lib:/usr/lib/x86_64-linux-gnu/gazebo-11/plugins:/opt/ros/humble/opt/rviz_ogre_vendor/lib:/opt/ros/humble/lib/x86_64-linux-gnu:/opt/ros/humble/lib:/usr/share/gazebo/../../lib/x86_64-linux-gnu/gazebo-11/plugins:/usr/share/gazebo/../../lib/x86_64-linux-gnu/gazebo-11/plugins:/usr/share/gazebo/../../lib/x86_64-linux-gnu/gazebo-11/plugins /usr/bin/cmake --build /home/robomaven/ws/ws3_moveit2_pick_place/build/moveit_task_constructor_core -- -j20 -l20
