[35m[1mConsolidate compiler generated dependencies of target number_publisher[0m
[ 50%] [32mBuilding CXX object CMakeFiles/number_publisher.dir/src/number_publisher.cpp.o[0m
[01m[K/home/robomaven/ws/ros2_ws3/src/lifecycle_cpp/src/number_publisher.cpp:44:29:[m[K [01;31m[Kerror: [m[Kâ€˜[01m[KLifecycleCallbackReturn NumberPublisherNode::on_activate(rclcpp_lifecycle::State)[m[Kâ€™ cannot be overloaded with â€˜[01m[KLifecycleCallbackReturn NumberPublisherNode::on_activate(rclcpp_lifecycle::State)[m[Kâ€™
   44 |     LifecycleCallbackReturn [01;31m[Kon_activate[m[K(const rclcpp_lifecycle::State previous_state)
      |                             [01;31m[K^~~~~~~~~~~[m[K
[01m[K/home/robomaven/ws/ros2_ws3/src/lifecycle_cpp/src/number_publisher.cpp:35:29:[m[K [01;36m[Knote: [m[Kprevious declaration â€˜[01m[KLifecycleCallbackReturn NumberPublisherNode::on_activate(rclcpp_lifecycle::State)[m[Kâ€™
   35 |     LifecycleCallbackReturn [01;36m[Kon_activate[m[K(const rclcpp_lifecycle::State previous_state)
      |                             [01;36m[K^~~~~~~~~~~[m[K
gmake[2]: *** [CMakeFiles/number_publisher.dir/build.make:76: CMakeFiles/number_publisher.dir/src/number_publisher.cpp.o] Error 1
gmake[1]: *** [CMakeFiles/Makefile2:137: CMakeFiles/number_publisher.dir/all] Error 2
gmake: *** [Makefile:146: all] Error 2
