[0.010s] Invoking command in '/home/robomaven/ws/ros2_ws3/build/lifecycle_cpp': CMAKE_PREFIX_PATH=${CMAKE_PREFIX_PATH}:/home/robomaven/ws/ros2_ws3/install/actions_py:/home/robomaven/ws/ros2_ws3/install/lifecycle_py:/opt/ros/humble /usr/bin/cmake --build /home/robomaven/ws/ros2_ws3/build/lifecycle_cpp -- -j20 -l20
[0.038s] [35m[1mConsolidate compiler generated dependencies of target number_publisher[0m
[0.048s] [ 50%] [32mBuilding CXX object CMakeFiles/number_publisher.dir/src/number_publisher.cpp.o[0m
[1.435s] [01m[K/home/robomaven/ws/ros2_ws3/src/lifecycle_cpp/src/number_publisher.cpp:44:29:[m[K [01;31m[Kerror: [m[Kâ€˜[01m[KLifecycleCallbackReturn NumberPublisherNode::on_activate(rclcpp_lifecycle::State)[m[Kâ€™ cannot be overloaded with â€˜[01m[KLifecycleCallbackReturn NumberPublisherNode::on_activate(rclcpp_lifecycle::State)[m[Kâ€™
[1.435s]    44 |     LifecycleCallbackReturn [01;31m[Kon_activate[m[K(const rclcpp_lifecycle::State previous_state)
[1.435s]       |                             [01;31m[K^~~~~~~~~~~[m[K
[1.436s] [01m[K/home/robomaven/ws/ros2_ws3/src/lifecycle_cpp/src/number_publisher.cpp:35:29:[m[K [01;36m[Knote: [m[Kprevious declaration â€˜[01m[KLifecycleCallbackReturn NumberPublisherNode::on_activate(rclcpp_lifecycle::State)[m[Kâ€™
[1.436s]    35 |     LifecycleCallbackReturn [01;36m[Kon_activate[m[K(const rclcpp_lifecycle::State previous_state)
[1.436s]       |                             [01;36m[K^~~~~~~~~~~[m[K
[1.891s] gmake[2]: *** [CMakeFiles/number_publisher.dir/build.make:76: CMakeFiles/number_publisher.dir/src/number_publisher.cpp.o] Error 1
[1.891s] gmake[1]: *** [CMakeFiles/Makefile2:137: CMakeFiles/number_publisher.dir/all] Error 2
[1.891s] gmake: *** [Makefile:146: all] Error 2
[1.894s] Invoked command in '/home/robomaven/ws/ros2_ws3/build/lifecycle_cpp' returned '2': CMAKE_PREFIX_PATH=${CMAKE_PREFIX_PATH}:/home/robomaven/ws/ros2_ws3/install/actions_py:/home/robomaven/ws/ros2_ws3/install/lifecycle_py:/opt/ros/humble /usr/bin/cmake --build /home/robomaven/ws/ros2_ws3/build/lifecycle_cpp -- -j20 -l20
